2026-05-19 14:56:46 | INFO     | crawler | Crawl start | host=ebrandz.in | max_pages=50
2026-05-19 14:59:55 | INFO     | crawler | Crawl start | host=farrlawfirm.com | max_pages=50
2026-05-19 16:43:46 | INFO     | crawler | Crawl start | host=ebrandz.in | max_pages=10000
2026-05-19 16:57:31 | INFO     | crawler | Crawl start | host=ebrandz.com | max_pages=10000
2026-05-19 17:36:01 | INFO     | crawler | Crawl start | host=ebrandz.com | max_pages=50
2026-05-19 17:50:10 | INFO     | crawler | Crawl start | host=ebrandz.com | domain_id=6a0c557a9831908c260d750d | max_pages=50
2026-05-19 17:52:17 | INFO     | crawler | Crawl start | host=books.toscrape.com | domain_id=6a0c55f99831908c260d7fc9 | max_pages=50
2026-05-19 17:57:46 | INFO     | crawler | Crawl start | host=scrapethissite.com | domain_id=6a0c57429831908c260d8ae4 | max_pages=50
2026-05-19 18:25:41 | INFO     | crawler | Crawl start | host=ebrandz.com | domain_id=6a0c5dcd9831908c260d8fd1 | max_pages=50
2026-05-19 18:27:16 | INFO     | crawler | Crawl start | host=books.toscrape.com | domain_id=6a0c5e2c9831908c260d9063 | max_pages=50
2026-05-19 18:29:10 | INFO     | crawler | Crawl start | host=farrlawfirm.com | domain_id=6a0c5e9e9831908c260d90f5 | max_pages=50
2026-05-19 18:34:29 | INFO     | crawler | Crawl start | host=farrlawfirm.com | domain_id=6a0c5fdd9831908c260d920a | max_pages=50
2026-05-19 18:42:12 | INFO     | crawler | Crawl start | host=books.toscrape.com | domain_id=6a0c61ac9831908c260d92f5 | max_pages=50
2026-05-19 19:23:25 | INFO     | crawler | Crawl start | host=expoundwealth.com | domain_id=6a0c6b559831908c260d95ef | max_pages=50
2026-05-19 19:39:58 | INFO     | crawler | Crawl start | host=nissanofhuntington.com | domain_id=6a0c6f369831908c260d9785 | max_pages=50
2026-05-19 19:41:37 | INFO     | crawler | Crawl start | host=andysassurance.com | domain_id=6a0c6f999831908c260d97a9 | max_pages=50
2026-05-19 19:43:49 | INFO     | crawler | Crawl start | host=andysassurance.com | domain_id=6a0c6f999831908c260d97a9 | max_pages=50
2026-05-19 19:44:47 | INFO     | crawler | Crawl start | host=blueashequiprent.com | domain_id=6a0c70579831908c260d9844 | max_pages=50
2026-05-19 19:54:02 | INFO     | crawler | Crawl start | host=jspnbookkeepingsolutions.com.au | domain_id=6a0c72829831908c260d99d3 | max_pages=50
2026-05-19 19:57:09 | INFO     | crawler | Crawl start | host=metrosoundlighting.com | domain_id=6a0c733d9831908c260d9a73 | max_pages=50
2026-05-19 20:01:10 | INFO     | crawler | Crawl start | host=onlinepresence.io | domain_id=6a0c742e9831908c260d9af9 | max_pages=50
2026-05-19 20:10:37 | INFO     | crawler | Crawl start | host=rowvilledentalsurgery.com.au | domain_id=6a0c76659831908c260d9c1b | max_pages=50
2026-05-19 20:12:17 | INFO     | crawler | Crawl start | host=rowvilledentalsurgery.com.au | domain_id=6a0c76659831908c260d9c1b | max_pages=50
2026-05-19 20:13:39 | INFO     | crawler | Crawl start | host=runcorndental.com.au | domain_id=6a0c771b9831908c260d9c9d | max_pages=50
2026-05-19 20:14:40 | INFO     | crawler | Crawl start | host=trussesandframe.com.au | domain_id=6a0c77589831908c260d9d2f | max_pages=50
2026-05-19 20:16:22 | INFO     | crawler | Crawl start | host=westbayeye.com | domain_id=6a0c77be9831908c260d9da6 | max_pages=50
2026-05-19 20:16:39 | INFO     | crawler | Crawl start | host=desertgardensinc.com | domain_id=6a0c77cf9831908c260d9dca | max_pages=50
2026-05-20 12:09:54 | INFO     | crawler | Crawl start | host=ebrandz.in | domain_id=6a0d573a48ced404b6fca3dc | max_pages=50
2026-05-20 12:19:55 | INFO     | crawler | Crawl start | host=ebarndz.in | domain_id=6a0d599348ced404b6fca4fc | page_limit=unlimited
2026-05-20 12:22:09 | INFO     | crawler | Crawl start | host=brandz.in | domain_id=6a0d5a1948ced404b6fca52b | page_limit=unlimited
2026-05-20 12:22:37 | INFO     | crawler | Crawl start | host=ebrand.in | domain_id=6a0d5a3548ced404b6fca540 | page_limit=unlimited
2026-05-20 12:24:40 | INFO     | crawler | Crawl start | host=ebrandz.in | domain_id=6a0d5ab048ced404b6fca56f | page_limit=unlimited
2026-05-20 12:36:43 | INFO     | crawler | Crawl start | host=ebrandz.com | domain_id=6a0d5d8348ced404b6fca81c | page_limit=unlimited
2026-05-20 12:39:09 | INFO     | crawler | Crawl start | host=ebrandz.in | domain_id=6a0d5e1548ced404b6fcaa37 | page_limit=unlimited
2026-05-20 12:43:24 | INFO     | crawler | Crawl start | host=expoundwealth.com | domain_id=6a0d5f1448ced404b6fcac7b | page_limit=unlimited
2026-05-20 12:45:44 | INFO     | crawler | Crawl start | host=nissanofhuntington.com | domain_id=6a0d5fa048ced404b6fcb030 | page_limit=unlimited
2026-05-20 12:46:17 | INFO     | crawler | Crawl start | host=andysassurance.com | domain_id=6a0d5fc148ced404b6fcb04d | page_limit=unlimited
2026-05-20 12:46:57 | INFO     | crawler | Crawl start | host=blueashequiprent.com | domain_id=6a0d5fe948ced404b6fcb074 | page_limit=unlimited
2026-05-20 12:47:35 | INFO     | crawler | Crawl start | host=blueashequiprent.com | domain_id=6a0d5fe948ced404b6fcb074 | page_limit=unlimited
2026-05-20 12:48:50 | INFO     | crawler | Crawl start | host=jspnbookkeepingsolutions.com.au | domain_id=6a0d605a48ced404b6fcb165 | page_limit=unlimited
2026-05-20 12:49:14 | INFO     | crawler | Crawl start | host=metrosoundlighting.com | domain_id=6a0d607248ced404b6fcb193 | page_limit=unlimited
2026-05-20 12:52:14 | INFO     | crawler | Crawl start | host=newtonkerr.com.au | domain_id=6a0d612648ced404b6fcb22f | page_limit=unlimited
2026-05-20 12:52:39 | INFO     | crawler | Crawl start | host=newtonkerr.com.au | domain_id=6a0d612648ced404b6fcb22f | page_limit=unlimited
2026-05-20 12:53:13 | INFO     | crawler | Crawl start | host=rowvilledentalsurgery.com.au | domain_id=6a0d616148ced404b6fcb272 | page_limit=unlimited
2026-05-20 12:53:58 | INFO     | crawler | Crawl start | host=runcorndental.com.au | domain_id=6a0d618e48ced404b6fcb2af | page_limit=unlimited
2026-05-20 12:54:49 | INFO     | crawler | Crawl start | host=runcorndental.com.au | domain_id=6a0d618e48ced404b6fcb2af | page_limit=unlimited
2026-05-20 12:55:50 | INFO     | crawler | Crawl start | host=trussesandframe.com.au | domain_id=6a0d61fe48ced404b6fcb340 | page_limit=unlimited
2026-05-20 12:56:16 | INFO     | crawler | Crawl start | host=westbayeye.com | domain_id=6a0d621848ced404b6fcb394 | page_limit=unlimited
2026-05-20 12:56:35 | INFO     | crawler | Crawl start | host=desertgardensinc.com | domain_id=6a0d622b48ced404b6fcb3bb | page_limit=unlimited
2026-05-20 13:42:00 | INFO     | crawler | Crawl start | host=expoundwealth.com | domain_id=6a0d5f1448ced404b6fcac7b | page_limit=unlimited
2026-05-20 13:49:50 | INFO     | crawler | Crawl start | host=andysassurance.com | domain_id=6a0d5fc148ced404b6fcb04d | page_limit=unlimited
2026-05-20 13:50:08 | INFO     | crawler | Crawl start | host=blueashequiprent.com | domain_id=6a0d5fe948ced404b6fcb074 | page_limit=unlimited
2026-05-20 13:50:36 | INFO     | crawler | Crawl start | host=expoundwealth.com | domain_id=6a0d5f1448ced404b6fcac7b | page_limit=unlimited
2026-05-20 13:53:15 | INFO     | crawler | Crawl start | host=jspnbookkeepingsolutions.com.au | domain_id=6a0d605a48ced404b6fcb165 | page_limit=unlimited
2026-05-20 13:53:34 | INFO     | crawler | Crawl start | host=newtonkerr.com.au | domain_id=6a0d612648ced404b6fcb22f | page_limit=unlimited
2026-05-20 13:54:01 | INFO     | crawler | Crawl start | host=rowvilledentalsurgery.com.au | domain_id=6a0d616148ced404b6fcb272 | page_limit=unlimited
2026-05-20 13:54:14 | INFO     | crawler | Crawl start | host=trussesandframe.com.au | domain_id=6a0d61fe48ced404b6fcb340 | page_limit=unlimited
2026-05-20 13:54:31 | INFO     | crawler | Crawl start | host=desertgardensinc.com | domain_id=6a0d622b48ced404b6fcb3bb | page_limit=unlimited
2026-05-20 13:54:55 | INFO     | crawler | Crawl start | host=westbayeye.com | domain_id=6a0d621848ced404b6fcb394 | page_limit=unlimited
